<?xml version="1.0" encoding="UTF-8"?>
<!-- Generated by org.testng.reporters.JUnitXMLReporter -->
<testsuite hostname="Devaraj-PC" name="Command line test" tests="5" failures="0" timestamp="10 Jan 2016 18:57:26 GMT" time="174.221" errors="0">
  <testcase name="Maruthi" time="0.006" classname="TestNG.TestNG_AllAnnotations"/>
  <testcase name="Ferrari" time="0.0" classname="TestNG.TestNG_AllAnnotations"/>
  <testcase name="Volvo" time="174.152" classname="TestNG.TestNG_AllAnnotations"/>
  <testcase name="Iveco" time="0.001" classname="TestNG.TestNG_AllAnnotations"/>
  <testcase name="Bus" time="0.0" classname="TestNG.TestNG_AllAnnotations"/>
</testsuite> <!-- Command line test -->
